8.05026
20.1631
21.529
21.892
21.7124
22.2201
21.4663
20.0442
13.0689
22.2262
22.2002
22.182
22.3024
22.2714
22.3031
22.3103
22.2681
22.2812
21.9727
21.8723
21.8693
22.0049
21.4189
22.1985
22.2317
22.2472
22.195
22.1576
21.7546
22.2174
22.1943
22.2269
22.1874
22.3464
22.175
22.2766
22.0615
22.189
22.1499
22.178
22.2283
22.1741
22.1498
22.1447
10.8668
22.2169
22.3278
22.2225
22.2922
22.3042
22.3108
22.2845
22.2981
22.3244
22.2045
22.2498
22.2764
22.2669
22.2435
22.2935
22.2702
22.2787
21.7846
20.5295
20.8993
20.582
21.5422
21.5123
21.5754
21.8416
21.2649
21.8181
21.6749
21.7809
21.7733
21.7986
21.3431
21.793
21.4127
21.2021
21.7
21.3523
21.4682
21.8308
21.5759
21.2825
21.6991
21.4683
21.4681
21.7036
21.6722
21.6704
21.4859
18.7336
18.3388
21.9248
20.1985
19.5131
17.6273
22.0706
22.0236
21.9866
22.0093
21.4216
21.9494
21.5794
21.9542
22.0069
22.1305
22.016
21.9883
22.0467
22.0187
22.0236
21.9973
22.0157
22.0141
22.031
21.9744
22.0231
22.0254
21.8793
22.0099
22.0676
21.9892
22.0273
22.0465
21.8976
21.9627
22.0069
21.9864
22.0669
22.0097
22.056
21.9652
22.1525
22.2041
22.2219
22.1686
22.0923
21.8588
22.2092
22.2222
22.2521
22.245
22.2071
21.9445
22.1778
22.2559
21.864
22.2295
22.2048
21.9839
22.1703
22.2102
21.9892
21.9643
22.3021
22.2097
22.2227
22.0816
22.2059
22.2067
22.1529
22.0021
22.016
21.9779
22.2342
21.3006
22.06
22.0321
22.123
22.0206
22.0539
21.7466
21.7249
22.086
21.7475
22.1846
22.1298
21.7995
22.0697
22.1738
22.2817
22.2109
19.3539
19.958
21.1177
20.868
20.7799
20.9134
20.8992
17.2259
14.417
22.1954
22.0428
22.259
22.2316
22.2081
22.2425
22.1065
22.241
22.2595
22.2803
22.3377
22.2354
22.2831
22.1916
22.0632
21.9221
22.2912
22.2983
22.3534
22.2255
22.2099
21.9198
21.8435
22.3463
22.1433
22.1158
22.127
22.2651
22.2945
22.2755
22.3106
22.2684
22.3572
22.0595
22.2912
22.2765
22.4059
22.2675
22.2642
22.3472
22.2297
22.3639
22.242
22.1874
22.2198
22.3044
22.2557
22.217
22.2817
22.2987
22.2788
22.3078
22.3201
22.2533
22.3215
22.259
22.2992
22.2798
22.2978
22.3277
22.2859
22.3363
22.2656
22.3087
22.2916
22.3144
22.2926
22.2269
22.2613
22.2831
22.2722
22.2392
22.0999
22.2241
22.2931
22.3006
22.3092
22.3268
22.2897
22.2665
22.1247
22.2443
22.2571
22.2859
22.2675
22.3363
22.2642
22.2396
22.1827
22.2099
22.2727
22.3016
22.3429
22.2959
22.3425
22.2335
22.303
22.2142
22.2684
22.2713
22.2137
22.322
22.2114
22.3097
22.2689
22.3059
22.3092
22.2836
22.2647
22.2855
22.3044
22.1921
22.2774
22.2561
22.3525
22.2561
22.3187
22.3234
22.2793
22.2784
22.3092
22.2779
22.141
22.2968
22.2935
22.3153
22.2684
22.362
22.3291
22.2642
22.3144
22.1747
22.2443
22.2509
21.9262
21.939
22.2344
22.2194
22.1532
22.2751
22.3111
22.241
12.9446
10.3382
21.8932
20.3967
20.8734
21.9721
21.8485
20.6816
20.3595
21.775
21.7421
21.8462
21.7836
21.945
21.9211
22.0141
21.9524
21.8108
21.8554
21.8919
21.923
21.9285
21.923
21.8317
21.968
22.0224
22.0021
22.0837
22.0252
21.9643
21.9846
21.7484
21.901
22.0104
21.9349
21.9781
21.9147
21.9744
17.1062
18.3484
19.6524
22.1135
22.2081
20.8905
21.8308
20.0026
21.8663
22.2212
22.148
22.2429
22.1405
22.1874
21.79
22.1583
22.2005
22.2363
22.1247
22.1135
22.2335
22.0799
22.0141
21.9175
21.8181
22.0892
22.1405
22.0716
22.0604
22.2845
22.2495
22.2524
22.2637
22.2571
22.3092
22.3339
22.1658
22.0725
22.2826
22.2439
22.2798
22.3491
22.2552
22.3082
21.1859
22.294
22.3215
22.2968
22.3206
22.3101
22.2997
22.0864
21.9956
21.9239
21.9533
21.945
21.9846
21.9211
22.1209
21.7177
22.2656
22.1958
22.2429
22.226
22.2467
22.0169
22.0967
22.0976
22.0215
22.1107
22.0224
22.1846
22.1987
22.1621
22.2893
22.1705
22.259
22.258
22.2874
22.3101
22.2694
22.0576
22.242
22.2194
22.3139
22.276
22.294
22.2978
22.2618
22.3529
22.3225
22.3358
22.3339
22.2968
22.3339
22.2241
22.3158
22.3425
22.2561
22.3206
22.259
22.259
22.1799
22.2015
22.1808
22.2401
22.2335
22.2552
22.2184
22.1368
21.5943
22.1209
22.2043
22.2609
22.2741
22.3263
22.1424
22.1219
22.1911
22.1808
22.1471
22.1658
22.2203
22.2561
22.3196
22.1818
22.0215
21.9827
22.0206
21.9726
22.0391
22.0818
22.066
22.1097
22.0502
22.0317
22.0827
22.0039
21.4056
21.6389
21.7132
21.6406
21.6971
21.6371
21.8344
21.7872
21.7096
21.77
21.7159
21.7502
21.6809
21.7141
21.7574
21.8444
20.903
21.5172
15.8042
21.6371
21.6415
21.6935
21.629
22.0855
16.5198
12.4189
22.1921
22.2713
22.2278
22.0688
22.1611
22.2222
22.2335
22.2836
22.2769
22.3111
22.2524
22.0697
21.8919
21.9772
22.0003
22.0003
22.2751
22.3215
22.2203
22.241
22.2665
22.1968
22.2647
22.2779
22.2855
22.2363
22.0123
12.8745
21.6326
22.1836
22.3405
22.3025
22.2817
22.2845
22.2599
22.2713
22.2241
22.2836
22.2656
22.1135
22.1321
22.1761
22.2618
22.2448
22.2836
21.489
20.8647
20.8348
20.9707
20.6975
20.7787
21.7186
21.9938
21.9211
22.093
22.0335
22.053
21.9138
21.9533
22.2222
22.003
22.2344
22.0539
22.2278
21.89
21.9524
22.3044
22.1874
22.332
22.1874
22.2533
22.1621
22.2486
22.2628
21.9892
22.2864
21.9864
22.2429
22.0762
22.1987
22.2931
14.3326
12.6179
22.2713
22.2817
22.2656
22.3386
22.3396
22.351
22.2703
22.0623
22.2288
22.313
22.3615
22.2514
22.3168
21.9652
22.294
22.2788
22.3796
22.2533
22.3396
22.2807
22.3548
22.193
22.3329
22.3025
22.3434
22.3682
22.2968
22.2373
22.2128
22.148
22.4246
22.3244
22.312
22.3434
22.2675
